<?xml version="1.0" encoding="UTF-8"?>
<coverage generated="1758845754753" clover="3.2.0">
  <project timestamp="1758845754753" name="All files">
    <metrics statements="8" coveredstatements="5" conditionals="6" coveredconditionals="2" methods="3" coveredmethods="3" elements="17" coveredelements="10" complexity="0" loc="8" ncloc="8" packages="1" files="2" classes="2"/>
    <file name="alerta.js" path="C:\Users\LAB-48\Desktop\atividade\inpe-alertas\src\alerta.js">
      <metrics statements="3" coveredstatements="2" conditionals="2" coveredconditionals="1" methods="1" coveredmethods="1"/>
      <line num="2" count="1" type="cond" truecount="1" falsecount="1"/>
      <line num="3" count="0" type="stmt"/>
      <line num="6" count="1" type="stmt"/>
    </file>
    <file name="integracao.js" path="C:\Users\LAB-48\Desktop\atividade\inpe-alertas\src\integracao.js">
      <metrics statements="5" coveredstatements="3" conditionals="4" coveredconditionals="1" methods="2" coveredmethods="2"/>
      <line num="2" count="1" type="cond" truecount="1" falsecount="1"/>
      <line num="3" count="0" type="cond" truecount="0" falsecount="2"/>
      <line num="4" count="0" type="stmt"/>
      <line num="8" count="1" type="stmt"/>
      <line num="11" count="1" type="stmt"/>
    </file>
  </project>
</coverage>
