<?xml version="1.0" encoding="UTF-8"?>
<coverage generated="1760658247803" clover="3.2.0">
  <project timestamp="1760658247804" name="All files">
    <metrics statements="10" coveredstatements="7" conditionals="6" coveredconditionals="3" methods="2" coveredmethods="2" elements="18" coveredelements="12" complexity="0" loc="10" ncloc="10" packages="1" files="2" classes="2"/>
    <file name="alerta.js" path="C:\Users\LAB-48\Desktop\tarefa\inpe-alertas\src\alerta.js">
      <metrics statements="8" coveredstatements="5" conditionals="6" coveredconditionals="3" methods="1" coveredmethods="1"/>
      <line num="2" count="2" type="cond" truecount="2" falsecount="0"/>
      <line num="3" count="1" type="stmt"/>
      <line num="4" count="1" type="cond" truecount="1" falsecount="1"/>
      <line num="5" count="1" type="stmt"/>
      <line num="6" count="0" type="cond" truecount="0" falsecount="2"/>
      <line num="7" count="0" type="stmt"/>
      <line num="9" count="0" type="stmt"/>
      <line num="13" count="2" type="stmt"/>
    </file>
    <file name="notificacao.js" path="C:\Users\LAB-48\Desktop\tarefa\inpe-alertas\src\notificacao.js">
      <metrics statements="2" coveredstatements="2" conditionals="0" coveredconditionals="0" methods="1" coveredmethods="1"/>
      <line num="2" count="1" type="stmt"/>
      <line num="5" count="1" type="stmt"/>
    </file>
  </project>
</coverage>
