{"C:\\Users\\LAB-48\\Desktop\\atividade\\inpe-alertas\\src\\alerta.js": {"path":"C:\\Users\\LAB-48\\Desktop\\atividade\\inpe-alertas\\src\\alerta.js","statementMap":{"0":{"start":{"line":2,"column":2},"end":{"line":2,"column":33}},"1":{"start":{"line":2,"column":19},"end":{"line":2,"column":33}},"2":{"start":{"line":3,"column":2},"end":{"line":3,"column":17}},"3":{"start":{"line":6,"column":0},"end":{"line":6,"column":33}}},"fnMap":{"0":{"name":"classicarAlerta","decl":{"start":{"line":1,"column":9},"end":{"line":1,"column":24}},"loc":{"start":{"line":1,"column":32},"end":{"line":4,"column":1}},"line":1}},"branchMap":{"0":{"loc":{"start":{"line":2,"column":2},"end":{"line":2,"column":33}},"type":"if","locations":[{"start":{"line":2,"column":2},"end":{"line":2,"column":33}},{"start":{},"end":{}}],"line":2}},"s":{"0":1,"1":1,"2":0,"3":1},"f":{"0":1},"b":{"0":[1,0]},"_coverageSchema":"1a1c01bbd47fc00a2c39e90264f33305004495a9","hash":"722c023b08ef79d8180e199616f1768b24a9e8ee"}
,"C:\\Users\\LAB-48\\Desktop\\atividade\\inpe-alertas\\src\\integracao.js": {"path":"C:\\Users\\LAB-48\\Desktop\\atividade\\inpe-alertas\\src\\integracao.js","statementMap":{"0":{"start":{"line":2,"column":4},"end":{"line":2,"column":38}},"1":{"start":{"line":2,"column":21},"end":{"line":2,"column":38}},"2":{"start":{"line":3,"column":4},"end":{"line":3,"column":35}},"3":{"start":{"line":3,"column":21},"end":{"line":3,"column":35}},"4":{"start":{"line":4,"column":4},"end":{"line":4,"column":19}},"5":{"start":{"line":8,"column":4},"end":{"line":8,"column":51}},"6":{"start":{"line":11,"column":2},"end":{"line":11,"column":60}}},"fnMap":{"0":{"name":"classificarAlerta","decl":{"start":{"line":1,"column":9},"end":{"line":1,"column":26}},"loc":{"start":{"line":1,"column":34},"end":{"line":5,"column":3}},"line":1},"1":{"name":"enviarNotificacao","decl":{"start":{"line":7,"column":11},"end":{"line":7,"column":28}},"loc":{"start":{"line":7,"column":44},"end":{"line":9,"column":3}},"line":7}},"branchMap":{"0":{"loc":{"start":{"line":2,"column":4},"end":{"line":2,"column":38}},"type":"if","locations":[{"start":{"line":2,"column":4},"end":{"line":2,"column":38}},{"start":{},"end":{}}],"line":2},"1":{"loc":{"start":{"line":3,"column":4},"end":{"line":3,"column":35}},"type":"if","locations":[{"start":{"line":3,"column":4},"end":{"line":3,"column":35}},{"start":{},"end":{}}],"line":3}},"s":{"0":1,"1":1,"2":0,"3":0,"4":0,"5":1,"6":1},"f":{"0":1,"1":1},"b":{"0":[1,0],"1":[0,0]},"_coverageSchema":"1a1c01bbd47fc00a2c39e90264f33305004495a9","hash":"0ca2ed3b535e02d1b73598db05bbaa7da88066c4"}
}
